<?xml version="1.0" encoding="UTF-8" standalone="no"?>
<?pydev-testrun version="1.0"?><pydev-testsuite>
<summary errors="1" failures="0" finished="true" name="Test Run: 20" tests="1" total_time="Finished in: 52.70 secs."/>
<test location="C:\Users\14358\eclipse-workspace\sxreader_selenium\com\zjmy\sxreader\student\createShuP.py" status="error" test="sxreader_com.test_1" time="">
<stdout><![CDATA[223132
13141223132 login is successful
]]></stdout>
<stderr><![CDATA[Traceback (most recent call last):
  File "C:\Users\14358\eclipse-workspace\sxreader_selenium\com\zjmy\sxreader\student\createShuP.py", line 73, in test_1
    driver.find_element_by_xpath(".//*[@id='app-body']/div[2]/div/div/div/div/div/div[2]/div[3]/p/button").click()
  File "C:\Users\14358\AppData\Local\Programs\Python\Python37\lib\site-packages\selenium\webdriver\remote\webdriver.py", line 394, in find_element_by_xpath
    return self.find_element(by=By.XPATH, value=xpath)
  File "C:\Users\14358\AppData\Local\Programs\Python\Python37\lib\site-packages\selenium\webdriver\remote\webdriver.py", line 978, in find_element
    'value': value})['value']
  File "C:\Users\14358\AppData\Local\Programs\Python\Python37\lib\site-packages\selenium\webdriver\remote\webdriver.py", line 321, in execute
    self.error_handler.check_response(response)
  File "C:\Users\14358\AppData\Local\Programs\Python\Python37\lib\site-packages\selenium\webdriver\remote\errorhandler.py", line 242, in check_response
    raise exception_class(message, screen, stacktrace)
selenium.common.exceptions.NoSuchElementException: Message: no such element: Unable to locate element: {"method":"xpath","selector":".//*[@id='app-body']/div[2]/div/div/div/div/div/div[2]/div[3]/p/button"}
  (Session info: chrome=60.0.3112.101)
  (Driver info: chromedriver=2.31.488763 (092de99f48a300323ecf8c2a4e2e7cab51de5ba8),platform=Windows NT 10.0.17134 x86_64)

]]></stderr>
</test>
<launch mode="run">
<launch_memento><![CDATA[<?xml version="1.0" encoding="UTF-8" standalone="no"?>
<launchConfiguration local="true" path="sxreader_selenium createShuP.py (1)"/>
]]></launch_memento>
</launch>
</pydev-testsuite>
